#
# There is insufficient memory for the Java Runtime Environment to continue.
# Native memory allocation (mmap) failed to map 65536 bytes for Failed to commit metaspace.
# Possible reasons:
#   The system is out of physical RAM or swap space
#   The process is running with CompressedOops enabled, and the Java Heap may be blocking the growth of the native heap
# Possible solutions:
#   Reduce memory load on the system
#   Increase physical memory or swap space
#   Check if swap backing store is full
#   Decrease Java heap size (-Xmx/-Xms)
#   Decrease number of Java threads
#   Decrease Java thread stack sizes (-Xss)
#   Set larger code cache with -XX:ReservedCodeCacheSize=
#   JVM is running with Unscaled Compressed Oops mode in which the Java heap is
#     placed in the first 4GB address space. The Java Heap base address is the
#     maximum limit for the native heap growth. Please use -XX:HeapBaseMinAddress
#     to set the Java Heap base and to place the Java Heap above 4GB virtual address.
# This output file may be truncated or incomplete.
#
#  Out of Memory Error (virtualSpaceNode.cpp:110), pid=48372, tid=48776
#
# JRE version: Java(TM) SE Runtime Environment (18.0.2.1+1) (build 18.0.2.1+1-1)
# Java VM: Java HotSpot(TM) 64-Bit Server VM (18.0.2.1+1-1, mixed mode, emulated-client, sharing, tiered, compressed oops, compressed class ptrs, g1 gc, windows-amd64)
# No core dump will be written. Minidumps are not enabled by default on client versions of Windows
#

---------------  S U M M A R Y ------------

Command Line: -XX:TieredStopAtLevel=1 -Dspring.output.ansi.enabled=always -Dcom.sun.management.jmxremote -Dspring.jmx.enabled=true -Dspring.liveBeansView.mbeanDomain -Dspring.application.admin.enabled=true -Dmanagement.endpoints.jmx.exposure.include=* -javaagent:C:\Program Files\JetBrains\IntelliJ IDEA 2023.2.1\lib\idea_rt.jar=51389:C:\Program Files\JetBrains\IntelliJ IDEA 2023.2.1\bin -Dfile.encoding=UTF-8 -Dsun.stdout.encoding=UTF-8 -Dsun.stderr.encoding=UTF-8 com.springpractice.DSList.DsListApplication

Host: Intel(R) Core(TM) i5-10300H CPU @ 2.50GHz, 8 cores, 7G,  Windows 11 , 64 bit Build 22621 (10.0.22621.2428)
Time: Wed Nov 15 19:30:25 2023 Hora Padrão de Buenos Aires elapsed time: 0.707104 seconds (0d 0h 0m 0s)

---------------  T H R E A D  ---------------

Current thread (0x0000020ad6e0bcd0):  JavaThread "main" [_thread_in_vm, id=48776, stack(0x0000002f60f00000,0x0000002f61000000)]

Stack: [0x0000002f60f00000,0x0000002f61000000]
Native frames: (J=compiled Java code, j=interpreted, Vv=VM code, C=native code)
V  [jvm.dll+0x6993aa]
V  [jvm.dll+0x7f46dd]
V  [jvm.dll+0x7f5fee]
V  [jvm.dll+0x7f66a3]
V  [jvm.dll+0x25cf1f]
V  [jvm.dll+0x7f03eb]
V  [jvm.dll+0x63f526]
V  [jvm.dll+0x1d75ce]
V  [jvm.dll+0x641ecb]
V  [jvm.dll+0x641cce]
V  [jvm.dll+0x63feee]
V  [jvm.dll+0x25169f]
V  [jvm.dll+0x64a525]
V  [jvm.dll+0x202961]
V  [jvm.dll+0x202e95]
V  [jvm.dll+0x2038cf]
V  [jvm.dll+0x1f8d61]
V  [jvm.dll+0x55dc05]
V  [jvm.dll+0x76e943]
V  [jvm.dll+0x76ea24]
V  [jvm.dll+0x42d7b4]
V  [jvm.dll+0x4334bf]
C  [java.dll+0x17ec]

Java frames: (J=compiled Java code, j=interpreted, Vv=VM code)
j  java.lang.ClassLoader.defineClass1(Ljava/lang/ClassLoader;Ljava/lang/String;[BIILjava/security/ProtectionDomain;Ljava/lang/String;)Ljava/lang/Class;+0 java.base@18.0.2.1
j  java.lang.ClassLoader.defineClass(Ljava/lang/String;[BIILjava/security/ProtectionDomain;)Ljava/lang/Class;+27 java.base@18.0.2.1
j  java.security.SecureClassLoader.defineClass(Ljava/lang/String;[BIILjava/security/CodeSource;)Ljava/lang/Class;+12 java.base@18.0.2.1
j  jdk.internal.loader.BuiltinClassLoader.defineClass(Ljava/lang/String;Ljdk/internal/loader/Resource;)Ljava/lang/Class;+117 java.base@18.0.2.1
j  jdk.internal.loader.BuiltinClassLoader.findClassOnClassPathOrNull(Ljava/lang/String;)Ljava/lang/Class;+37 java.base@18.0.2.1
j  jdk.internal.loader.BuiltinClassLoader.loadClassOrNull(Ljava/lang/String;Z)Ljava/lang/Class;+111 java.base@18.0.2.1
j  jdk.internal.loader.BuiltinClassLoader.loadClass(Ljava/lang/String;Z)Ljava/lang/Class;+3 java.base@18.0.2.1
j  jdk.internal.loader.ClassLoaders$AppClassLoader.loadClass(Ljava/lang/String;Z)Ljava/lang/Class;+36 java.base@18.0.2.1
j  java.lang.ClassLoader.loadClass(Ljava/lang/String;)Ljava/lang/Class;+3 java.base@18.0.2.1
v  ~StubRoutines::call_stub
j  ch.qos.logback.classic.LoggerContext.<init>()V+21
j  ch.qos.logback.classic.spi.LogbackServiceProvider.initialize()V+5
j  org.slf4j.LoggerFactory.bind()V+37
j  org.slf4j.LoggerFactory.performInitialization()V+0
j  org.slf4j.LoggerFactory.getProvider()Lorg/slf4j/spi/SLF4JServiceProvider;+21
j  org.slf4j.LoggerFactory.getILoggerFactory()Lorg/slf4j/ILoggerFactory;+0
j  org.slf4j.LoggerFactory.getLogger(Ljava/lang/String;)Lorg/slf4j/Logger;+0
j  org.apache.commons.logging.LogAdapter$Slf4jAdapter.createLocationAwareLog(Ljava/lang/String;)Lorg/apache/commons/logging/Log;+1
j  org.apache.commons.logging.LogAdapter$$Lambda$94+0x0000000800cc7bf0.apply(Ljava/lang/Object;)Ljava/lang/Object;+4
j  org.apache.commons.logging.LogAdapter.createLog(Ljava/lang/String;)Lorg/apache/commons/logging/Log;+4
j  org.apache.commons.logging.LogFactory.getLog(Ljava/lang/String;)Lorg/apache/commons/logging/Log;+1
j  org.apache.commons.logging.LogFactory.getLog(Ljava/lang/Class;)Lorg/apache/commons/logging/Log;+4
j  org.springframework.boot.SpringApplication.<clinit>()V+2
v  ~StubRoutines::call_stub
j  com.springpractice.DSList.DsListApplication.main([Ljava/lang/String;)V+3
v  ~StubRoutines::call_stub

---------------  P R O C E S S  ---------------

Threads class SMR info:
_java_thread_list=0x0000020aed528910, length=14, elements={
0x0000020ad6e0bcd0, 0x0000020ae8d05fc0, 0x0000020ae8d093d0, 0x0000020ae8d24b30,
0x0000020ae8d253e0, 0x0000020ae8d25d80, 0x0000020ae8d26720, 0x0000020ae8d27860,
0x0000020ae8d28240, 0x0000020ae8cef800, 0x0000020aed061dd0, 0x0000020aed3e57f0,
0x0000020aed3e5cb0, 0x0000020aed515c30
}

Java Threads: ( => current thread )
=>0x0000020ad6e0bcd0 JavaThread "main" [_thread_in_vm, id=48776, stack(0x0000002f60f00000,0x0000002f61000000)]
  0x0000020ae8d05fc0 JavaThread "Reference Handler" daemon [_thread_blocked, id=48188, stack(0x0000002f61600000,0x0000002f61700000)]
  0x0000020ae8d093d0 JavaThread "Finalizer" daemon [_thread_blocked, id=47504, stack(0x0000002f61700000,0x0000002f61800000)]
  0x0000020ae8d24b30 JavaThread "Signal Dispatcher" daemon [_thread_blocked, id=48864, stack(0x0000002f61800000,0x0000002f61900000)]
  0x0000020ae8d253e0 JavaThread "Attach Listener" daemon [_thread_blocked, id=47244, stack(0x0000002f61900000,0x0000002f61a00000)]
  0x0000020ae8d25d80 JavaThread "Service Thread" daemon [_thread_blocked, id=48848, stack(0x0000002f61a00000,0x0000002f61b00000)]
  0x0000020ae8d26720 JavaThread "Monitor Deflation Thread" daemon [_thread_blocked, id=48532, stack(0x0000002f61b00000,0x0000002f61c00000)]
  0x0000020ae8d27860 JavaThread "C1 CompilerThread0" daemon [_thread_blocked, id=49088, stack(0x0000002f61c00000,0x0000002f61d00000)]
  0x0000020ae8d28240 JavaThread "Sweeper thread" daemon [_thread_blocked, id=48732, stack(0x0000002f61d00000,0x0000002f61e00000)]
  0x0000020ae8cef800 JavaThread "Common-Cleaner" daemon [_thread_blocked, id=46232, stack(0x0000002f61e00000,0x0000002f61f00000)]
  0x0000020aed061dd0 JavaThread "C1 CompilerThread1" daemon [_thread_blocked, id=47636, stack(0x0000002f61f00000,0x0000002f62000000)]
  0x0000020aed3e57f0 JavaThread "Monitor Ctrl-Break" daemon [_thread_in_native, id=44320, stack(0x0000002f62000000,0x0000002f62100000)]
  0x0000020aed3e5cb0 JavaThread "Notification Thread" daemon [_thread_blocked, id=47608, stack(0x0000002f62100000,0x0000002f62200000)]
  0x0000020aed515c30 JavaThread "RMI TCP Accept-0" daemon [_thread_in_native, id=43624, stack(0x0000002f62200000,0x0000002f62300000)]

Other Threads:
  0x0000020ad6e82580 VMThread "VM Thread" [stack: 0x0000002f61500000,0x0000002f61600000] [id=25420]
  0x0000020ad6e6afd0 WorkerThread "GC Thread#0" [stack: 0x0000002f61000000,0x0000002f61100000] [id=32708]
  0x0000020ad6e7b8c0 ConcurrentGCThread "G1 Main Marker" [stack: 0x0000002f61100000,0x0000002f61200000] [id=48232]
  0x0000020ad6e7c2b0 WorkerThread "G1 Conc#0" [stack: 0x0000002f61200000,0x0000002f61300000] [id=48996]
  0x0000020ad6ebe4a0 ConcurrentGCThread "G1 Refine#0" [stack: 0x0000002f61300000,0x0000002f61400000] [id=48892]
  0x0000020ae8bbd0e0 ConcurrentGCThread "G1 Service" [stack: 0x0000002f61400000,0x0000002f61500000] [id=48760]

Threads with active compile tasks:

VM state: not at safepoint (normal execution)

VM Mutex/Monitor currently owned by a thread:  ([mutex/lock_event])
[0x0000020ad6e05830] Metaspace_lock - owner thread: 0x0000020ad6e0bcd0

Heap address: 0x0000000083200000, size: 1998 MB, Compressed Oops mode: 32-bit

CDS archive(s) mapped at: [0x0000000800000000-0x0000000800ba0000-0x0000000800ba0000), size 12189696, SharedBaseAddress: 0x0000000800000000, ArchiveRelocationMode: 0.
Compressed class space mapped at: 0x0000000800c00000-0x0000000840c00000, reserved size: 1073741824
Narrow klass base: 0x0000000800000000, Narrow klass shift: 0, Narrow klass range: 0x100000000

GC Precious Log:
 CardTable entry size: 512
 Card Set container configuration: InlinePtr #cards 5 size 8 Array Of Cards #cards 12 size 40 Howl #buckets 4 coarsen threshold 1843 Howl Bitmap #cards 512 size 80 coarsen threshold 460 Card regions per heap region 1 cards per card region 2048
 CPUs: 8 total, 8 available
 Memory: 7985M
 Large Page Support: Disabled
 NUMA Support: Disabled
 Compressed Oops: Enabled (32-bit)
 Heap Region Size: 1M
 Heap Min Capacity: 8M
 Heap Initial Capacity: 126M
 Heap Max Capacity: 1998M
 Pre-touch: Disabled
 Parallel Workers: 8
 Concurrent Workers: 2
 Concurrent Refinement Workers: 8
 Periodic GC: Disabled

Heap:
 garbage-first heap   total 129024K, used 12288K [0x0000000083200000, 0x0000000100000000)
  region size 1024K, 12 young (12288K), 0 survivors (0K)
 Metaspace       used 4959K, committed 5120K, reserved 1114112K
  class space    used 569K, committed 640K, reserved 1048576K

Heap Regions: E=young(eden), S=young(survivor), O=old, HS=humongous(starts), HC=humongous(continues), CS=collection set, F=free, OA=open archive, CA=closed archive, TAMS=top-at-mark-start (previous, next)
|   0|0x0000000083200000, 0x0000000083300000, 0x0000000083300000|100%|HS|  |TAMS 0x0000000083200000, 0x0000000083200000| Complete 
|   1|0x0000000083300000, 0x0000000083300000, 0x0000000083400000|  0%| F|  |TAMS 0x0000000083300000, 0x0000000083300000| Untracked 
|   2|0x0000000083400000, 0x0000000083400000, 0x0000000083500000|  0%| F|  |TAMS 0x0000000083400000, 0x0000000083400000| Untracked 
|   3|0x0000000083500000, 0x0000000083500000, 0x0000000083600000|  0%| F|  |TAMS 0x0000000083500000, 0x0000000083500000| Untracked 
|   4|0x0000000083600000, 0x0000000083600000, 0x0000000083700000|  0%| F|  |TAMS 0x0000000083600000, 0x0000000083600000| Untracked 
|   5|0x0000000083700000, 0x0000000083700000, 0x0000000083800000|  0%| F|  |TAMS 0x0000000083700000, 0x0000000083700000| Untracked 
|   6|0x0000000083800000, 0x0000000083800000, 0x0000000083900000|  0%| F|  |TAMS 0x0000000083800000, 0x0000000083800000| Untracked 
|   7|0x0000000083900000, 0x0000000083900000, 0x0000000083a00000|  0%| F|  |TAMS 0x0000000083900000, 0x0000000083900000| Untracked 
|   8|0x0000000083a00000, 0x0000000083a00000, 0x0000000083b00000|  0%| F|  |TAMS 0x0000000083a00000, 0x0000000083a00000| Untracked 
|   9|0x0000000083b00000, 0x0000000083b00000, 0x0000000083c00000|  0%| F|  |TAMS 0x0000000083b00000, 0x0000000083b00000| Untracked 
|  10|0x0000000083c00000, 0x0000000083c00000, 0x0000000083d00000|  0%| F|  |TAMS 0x0000000083c00000, 0x0000000083c00000| Untracked 
|  11|0x0000000083d00000, 0x0000000083d00000, 0x0000000083e00000|  0%| F|  |TAMS 0x0000000083d00000, 0x0000000083d00000| Untracked 
|  12|0x0000000083e00000, 0x0000000083e00000, 0x0000000083f00000|  0%| F|  |TAMS 0x0000000083e00000, 0x0000000083e00000| Untracked 
|  13|0x0000000083f00000, 0x0000000083f00000, 0x0000000084000000|  0%| F|  |TAMS 0x0000000083f00000, 0x0000000083f00000| Untracked 
|  14|0x0000000084000000, 0x0000000084000000, 0x0000000084100000|  0%| F|  |TAMS 0x0000000084000000, 0x0000000084000000| Untracked 
|  15|0x0000000084100000, 0x0000000084100000, 0x0000000084200000|  0%| F|  |TAMS 0x0000000084100000, 0x0000000084100000| Untracked 
|  16|0x0000000084200000, 0x0000000084200000, 0x0000000084300000|  0%| F|  |TAMS 0x0000000084200000, 0x0000000084200000| Untracked 
|  17|0x0000000084300000, 0x0000000084300000, 0x0000000084400000|  0%| F|  |TAMS 0x0000000084300000, 0x0000000084300000| Untracked 
|  18|0x0000000084400000, 0x0000000084400000, 0x0000000084500000|  0%| F|  |TAMS 0x0000000084400000, 0x0000000084400000| Untracked 
|  19|0x0000000084500000, 0x0000000084500000, 0x0000000084600000|  0%| F|  |TAMS 0x0000000084500000, 0x0000000084500000| Untracked 
|  20|0x0000000084600000, 0x0000000084600000, 0x0000000084700000|  0%| F|  |TAMS 0x0000000084600000, 0x0000000084600000| Untracked 
|  21|0x0000000084700000, 0x0000000084700000, 0x0000000084800000|  0%| F|  |TAMS 0x0000000084700000, 0x0000000084700000| Untracked 
|  22|0x0000000084800000, 0x0000000084800000, 0x0000000084900000|  0%| F|  |TAMS 0x0000000084800000, 0x0000000084800000| Untracked 
|  23|0x0000000084900000, 0x0000000084900000, 0x0000000084a00000|  0%| F|  |TAMS 0x0000000084900000, 0x0000000084900000| Untracked 
|  24|0x0000000084a00000, 0x0000000084a00000, 0x0000000084b00000|  0%| F|  |TAMS 0x0000000084a00000, 0x0000000084a00000| Untracked 
|  25|0x0000000084b00000, 0x0000000084b00000, 0x0000000084c00000|  0%| F|  |TAMS 0x0000000084b00000, 0x0000000084b00000| Untracked 
|  26|0x0000000084c00000, 0x0000000084c00000, 0x0000000084d00000|  0%| F|  |TAMS 0x0000000084c00000, 0x0000000084c00000| Untracked 
|  27|0x0000000084d00000, 0x0000000084d00000, 0x0000000084e00000|  0%| F|  |TAMS 0x0000000084d00000, 0x0000000084d00000| Untracked 
|  28|0x0000000084e00000, 0x0000000084e00000, 0x0000000084f00000|  0%| F|  |TAMS 0x0000000084e00000, 0x0000000084e00000| Untracked 
|  29|0x0000000084f00000, 0x0000000084f00000, 0x0000000085000000|  0%| F|  |TAMS 0x0000000084f00000, 0x0000000084f00000| Untracked 
|  30|0x0000000085000000, 0x0000000085000000, 0x0000000085100000|  0%| F|  |TAMS 0x0000000085000000, 0x0000000085000000| Untracked 
|  31|0x0000000085100000, 0x0000000085100000, 0x0000000085200000|  0%| F|  |TAMS 0x0000000085100000, 0x0000000085100000| Untracked 
|  32|0x0000000085200000, 0x0000000085200000, 0x0000000085300000|  0%| F|  |TAMS 0x0000000085200000, 0x0000000085200000| Untracked 
|  33|0x0000000085300000, 0x0000000085300000, 0x0000000085400000|  0%| F|  |TAMS 0x0000000085300000, 0x0000000085300000| Untracked 
|  34|0x0000000085400000, 0x0000000085400000, 0x0000000085500000|  0%| F|  |TAMS 0x0000000085400000, 0x0000000085400000| Untracked 
|  35|0x0000000085500000, 0x0000000085500000, 0x0000000085600000|  0%| F|  |TAMS 0x0000000085500000, 0x0000000085500000| Untracked 
|  36|0x0000000085600000, 0x0000000085600000, 0x0000000085700000|  0%| F|  |TAMS 0x0000000085600000, 0x0000000085600000| Untracked 
|  37|0x0000000085700000, 0x0000000085700000, 0x0000000085800000|  0%| F|  |TAMS 0x0000000085700000, 0x0000000085700000| Untracked 
|  38|0x0000000085800000, 0x0000000085800000, 0x0000000085900000|  0%| F|  |TAMS 0x0000000085800000, 0x0000000085800000| Untracked 
|  39|0x0000000085900000, 0x0000000085900000, 0x0000000085a00000|  0%| F|  |TAMS 0x0000000085900000, 0x0000000085900000| Untracked 
|  40|0x0000000085a00000, 0x0000000085a00000, 0x0000000085b00000|  0%| F|  |TAMS 0x0000000085a00000, 0x0000000085a00000| Untracked 
|  41|0x0000000085b00000, 0x0000000085b00000, 0x0000000085c00000|  0%| F|  |TAMS 0x0000000085b00000, 0x0000000085b00000| Untracked 
|  42|0x0000000085c00000, 0x0000000085c00000, 0x0000000085d00000|  0%| F|  |TAMS 0x0000000085c00000, 0x0000000085c00000| Untracked 
|  43|0x0000000085d00000, 0x0000000085d00000, 0x0000000085e00000|  0%| F|  |TAMS 0x0000000085d00000, 0x0000000085d00000| Untracked 
|  44|0x0000000085e00000, 0x0000000085e00000, 0x0000000085f00000|  0%| F|  |TAMS 0x0000000085e00000, 0x0000000085e00000| Untracked 
|  45|0x0000000085f00000, 0x0000000085f00000, 0x0000000086000000|  0%| F|  |TAMS 0x0000000085f00000, 0x0000000085f00000| Untracked 
|  46|0x0000000086000000, 0x0000000086000000, 0x0000000086100000|  0%| F|  |TAMS 0x0000000086000000, 0x0000000086000000| Untracked 
|  47|0x0000000086100000, 0x0000000086100000, 0x0000000086200000|  0%| F|  |TAMS 0x0000000086100000, 0x0000000086100000| Untracked 
|  48|0x0000000086200000, 0x0000000086200000, 0x0000000086300000|  0%| F|  |TAMS 0x0000000086200000, 0x0000000086200000| Untracked 
|  49|0x0000000086300000, 0x0000000086300000, 0x0000000086400000|  0%| F|  |TAMS 0x0000000086300000, 0x0000000086300000| Untracked 
|  50|0x0000000086400000, 0x0000000086400000, 0x0000000086500000|  0%| F|  |TAMS 0x0000000086400000, 0x0000000086400000| Untracked 
|  51|0x0000000086500000, 0x0000000086500000, 0x0000000086600000|  0%| F|  |TAMS 0x0000000086500000, 0x0000000086500000| Untracked 
|  52|0x0000000086600000, 0x0000000086600000, 0x0000000086700000|  0%| F|  |TAMS 0x0000000086600000, 0x0000000086600000| Untracked 
|  53|0x0000000086700000, 0x0000000086700000, 0x0000000086800000|  0%| F|  |TAMS 0x0000000086700000, 0x0000000086700000| Untracked 
|  54|0x0000000086800000, 0x0000000086800000, 0x0000000086900000|  0%| F|  |TAMS 0x0000000086800000, 0x0000000086800000| Untracked 
|  55|0x0000000086900000, 0x0000000086900000, 0x0000000086a00000|  0%| F|  |TAMS 0x0000000086900000, 0x0000000086900000| Untracked 
|  56|0x0000000086a00000, 0x0000000086a00000, 0x0000000086b00000|  0%| F|  |TAMS 0x0000000086a00000, 0x0000000086a00000| Untracked 
|  57|0x0000000086b00000, 0x0000000086b00000, 0x0000000086c00000|  0%| F|  |TAMS 0x0000000086b00000, 0x0000000086b00000| Untracked 
|  58|0x0000000086c00000, 0x0000000086c00000, 0x0000000086d00000|  0%| F|  |TAMS 0x0000000086c00000, 0x0000000086c00000| Untracked 
|  59|0x0000000086d00000, 0x0000000086d00000, 0x0000000086e00000|  0%| F|  |TAMS 0x0000000086d00000, 0x0000000086d00000| Untracked 
|  60|0x0000000086e00000, 0x0000000086e00000, 0x0000000086f00000|  0%| F|  |TAMS 0x0000000086e00000, 0x0000000086e00000| Untracked 
|  61|0x0000000086f00000, 0x0000000086f00000, 0x0000000087000000|  0%| F|  |TAMS 0x0000000086f00000, 0x0000000086f00000| Untracked 
|  62|0x0000000087000000, 0x0000000087000000, 0x0000000087100000|  0%| F|  |TAMS 0x0000000087000000, 0x0000000087000000| Untracked 
|  63|0x0000000087100000, 0x0000000087100000, 0x0000000087200000|  0%| F|  |TAMS 0x0000000087100000, 0x0000000087100000| Untracked 
|  64|0x0000000087200000, 0x0000000087200000, 0x0000000087300000|  0%| F|  |TAMS 0x0000000087200000, 0x0000000087200000| Untracked 
|  65|0x0000000087300000, 0x0000000087300000, 0x0000000087400000|  0%| F|  |TAMS 0x0000000087300000, 0x0000000087300000| Untracked 
|  66|0x0000000087400000, 0x0000000087400000, 0x0000000087500000|  0%| F|  |TAMS 0x0000000087400000, 0x0000000087400000| Untracked 
|  67|0x0000000087500000, 0x0000000087500000, 0x0000000087600000|  0%| F|  |TAMS 0x0000000087500000, 0x0000000087500000| Untracked 
|  68|0x0000000087600000, 0x0000000087600000, 0x0000000087700000|  0%| F|  |TAMS 0x0000000087600000, 0x0000000087600000| Untracked 
|  69|0x0000000087700000, 0x0000000087700000, 0x0000000087800000|  0%| F|  |TAMS 0x0000000087700000, 0x0000000087700000| Untracked 
|  70|0x0000000087800000, 0x0000000087800000, 0x0000000087900000|  0%| F|  |TAMS 0x0000000087800000, 0x0000000087800000| Untracked 
|  71|0x0000000087900000, 0x0000000087900000, 0x0000000087a00000|  0%| F|  |TAMS 0x0000000087900000, 0x0000000087900000| Untracked 
|  72|0x0000000087a00000, 0x0000000087a00000, 0x0000000087b00000|  0%| F|  |TAMS 0x0000000087a00000, 0x0000000087a00000| Untracked 
|  73|0x0000000087b00000, 0x0000000087b00000, 0x0000000087c00000|  0%| F|  |TAMS 0x0000000087b00000, 0x0000000087b00000| Untracked 
|  74|0x0000000087c00000, 0x0000000087c00000, 0x0000000087d00000|  0%| F|  |TAMS 0x0000000087c00000, 0x0000000087c00000| Untracked 
|  75|0x0000000087d00000, 0x0000000087d00000, 0x0000000087e00000|  0%| F|  |TAMS 0x0000000087d00000, 0x0000000087d00000| Untracked 
|  76|0x0000000087e00000, 0x0000000087e00000, 0x0000000087f00000|  0%| F|  |TAMS 0x0000000087e00000, 0x0000000087e00000| Untracked 
|  77|0x0000000087f00000, 0x0000000087f00000, 0x0000000088000000|  0%| F|  |TAMS 0x0000000087f00000, 0x0000000087f00000| Untracked 
|  78|0x0000000088000000, 0x0000000088000000, 0x0000000088100000|  0%| F|  |TAMS 0x0000000088000000, 0x0000000088000000| Untracked 
|  79|0x0000000088100000, 0x0000000088100000, 0x0000000088200000|  0%| F|  |TAMS 0x0000000088100000, 0x0000000088100000| Untracked 
|  80|0x0000000088200000, 0x0000000088200000, 0x0000000088300000|  0%| F|  |TAMS 0x0000000088200000, 0x0000000088200000| Untracked 
|  81|0x0000000088300000, 0x0000000088300000, 0x0000000088400000|  0%| F|  |TAMS 0x0000000088300000, 0x0000000088300000| Untracked 
|  82|0x0000000088400000, 0x0000000088400000, 0x0000000088500000|  0%| F|  |TAMS 0x0000000088400000, 0x0000000088400000| Untracked 
|  83|0x0000000088500000, 0x0000000088500000, 0x0000000088600000|  0%| F|  |TAMS 0x0000000088500000, 0x0000000088500000| Untracked 
|  84|0x0000000088600000, 0x0000000088600000, 0x0000000088700000|  0%| F|  |TAMS 0x0000000088600000, 0x0000000088600000| Untracked 
|  85|0x0000000088700000, 0x0000000088700000, 0x0000000088800000|  0%| F|  |TAMS 0x0000000088700000, 0x0000000088700000| Untracked 
|  86|0x0000000088800000, 0x0000000088800000, 0x0000000088900000|  0%| F|  |TAMS 0x0000000088800000, 0x0000000088800000| Untracked 
|  87|0x0000000088900000, 0x0000000088900000, 0x0000000088a00000|  0%| F|  |TAMS 0x0000000088900000, 0x0000000088900000| Untracked 
|  88|0x0000000088a00000, 0x0000000088a00000, 0x0000000088b00000|  0%| F|  |TAMS 0x0000000088a00000, 0x0000000088a00000| Untracked 
|  89|0x0000000088b00000, 0x0000000088b00000, 0x0000000088c00000|  0%| F|  |TAMS 0x0000000088b00000, 0x0000000088b00000| Untracked 
|  90|0x0000000088c00000, 0x0000000088c00000, 0x0000000088d00000|  0%| F|  |TAMS 0x0000000088c00000, 0x0000000088c00000| Untracked 
|  91|0x0000000088d00000, 0x0000000088d00000, 0x0000000088e00000|  0%| F|  |TAMS 0x0000000088d00000, 0x0000000088d00000| Untracked 
|  92|0x0000000088e00000, 0x0000000088e00000, 0x0000000088f00000|  0%| F|  |TAMS 0x0000000088e00000, 0x0000000088e00000| Untracked 
|  93|0x0000000088f00000, 0x0000000088f00000, 0x0000000089000000|  0%| F|  |TAMS 0x0000000088f00000, 0x0000000088f00000| Untracked 
|  94|0x0000000089000000, 0x0000000089000000, 0x0000000089100000|  0%| F|  |TAMS 0x0000000089000000, 0x0000000089000000| Untracked 
|  95|0x0000000089100000, 0x0000000089100000, 0x0000000089200000|  0%| F|  |TAMS 0x0000000089100000, 0x0000000089100000| Untracked 
|  96|0x0000000089200000, 0x0000000089200000, 0x0000000089300000|  0%| F|  |TAMS 0x0000000089200000, 0x0000000089200000| Untracked 
|  97|0x0000000089300000, 0x0000000089300000, 0x0000000089400000|  0%| F|  |TAMS 0x0000000089300000, 0x0000000089300000| Untracked 
|  98|0x0000000089400000, 0x0000000089400000, 0x0000000089500000|  0%| F|  |TAMS 0x0000000089400000, 0x0000000089400000| Untracked 
|  99|0x0000000089500000, 0x0000000089500000, 0x0000000089600000|  0%| F|  |TAMS 0x0000000089500000, 0x0000000089500000| Untracked 
| 100|0x0000000089600000, 0x0000000089600000, 0x0000000089700000|  0%| F|  |TAMS 0x0000000089600000, 0x0000000089600000| Untracked 
| 101|0x0000000089700000, 0x0000000089700000, 0x0000000089800000|  0%| F|  |TAMS 0x0000000089700000, 0x0000000089700000| Untracked 
| 102|0x0000000089800000, 0x0000000089800000, 0x0000000089900000|  0%| F|  |TAMS 0x0000000089800000, 0x0000000089800000| Untracked 
| 103|0x0000000089900000, 0x0000000089900000, 0x0000000089a00000|  0%| F|  |TAMS 0x0000000089900000, 0x0000000089900000| Untracked 
| 104|0x0000000089a00000, 0x0000000089a00000, 0x0000000089b00000|  0%| F|  |TAMS 0x0000000089a00000, 0x0000000089a00000| Untracked 
| 105|0x0000000089b00000, 0x0000000089b00000, 0x0000000089c00000|  0%| F|  |TAMS 0x0000000089b00000, 0x0000000089b00000| Untracked 
| 106|0x0000000089c00000, 0x0000000089c00000, 0x0000000089d00000|  0%| F|  |TAMS 0x0000000089c00000, 0x0000000089c00000| Untracked 
| 107|0x0000000089d00000, 0x0000000089d00000, 0x0000000089e00000|  0%| F|  |TAMS 0x0000000089d00000, 0x0000000089d00000| Untracked 
| 108|0x0000000089e00000, 0x0000000089e00000, 0x0000000089f00000|  0%| F|  |TAMS 0x0000000089e00000, 0x0000000089e00000| Untracked 
| 109|0x0000000089f00000, 0x0000000089f00000, 0x000000008a000000|  0%| F|  |TAMS 0x0000000089f00000, 0x0000000089f00000| Untracked 
| 110|0x000000008a000000, 0x000000008a000000, 0x000000008a100000|  0%| F|  |TAMS 0x000000008a000000, 0x000000008a000000| Untracked 
| 111|0x000000008a100000, 0x000000008a100000, 0x000000008a200000|  0%| F|  |TAMS 0x000000008a100000, 0x000000008a100000| Untracked 
| 112|0x000000008a200000, 0x000000008a200000, 0x000000008a300000|  0%| F|  |TAMS 0x000000008a200000, 0x000000008a200000| Untracked 
| 113|0x000000008a300000, 0x000000008a300000, 0x000000008a400000|  0%| F|  |TAMS 0x000000008a300000, 0x000000008a300000| Untracked 
| 114|0x000000008a400000, 0x000000008a4769f8, 0x000000008a500000| 46%| E|  |TAMS 0x000000008a400000, 0x000000008a400000| Complete 
| 115|0x000000008a500000, 0x000000008a600000, 0x000000008a600000|100%| E|CS|TAMS 0x000000008a500000, 0x000000008a500000| Complete 
| 116|0x000000008a600000, 0x000000008a700000, 0x000000008a700000|100%| E|CS|TAMS 0x000000008a600000, 0x000000008a600000| Complete 
| 117|0x000000008a700000, 0x000000008a800000, 0x000000008a800000|100%| E|CS|TAMS 0x000000008a700000, 0x000000008a700000| Complete 
| 118|0x000000008a800000, 0x000000008a900000, 0x000000008a900000|100%| E|CS|TAMS 0x000000008a800000, 0x000000008a800000| Complete 
| 119|0x000000008a900000, 0x000000008aa00000, 0x000000008aa00000|100%| E|CS|TAMS 0x000000008a900000, 0x000000008a900000| Complete 
| 120|0x000000008aa00000, 0x000000008ab00000, 0x000000008ab00000|100%| E|CS|TAMS 0x000000008aa00000, 0x000000008aa00000| Complete 
| 121|0x000000008ab00000, 0x000000008ac00000, 0x000000008ac00000|100%| E|CS|TAMS 0x000000008ab00000, 0x000000008ab00000| Complete 
| 122|0x000000008ac00000, 0x000000008ad00000, 0x000000008ad00000|100%| E|CS|TAMS 0x000000008ac00000, 0x000000008ac00000| Complete 
| 123|0x000000008ad00000, 0x000000008ae00000, 0x000000008ae00000|100%| E|CS|TAMS 0x000000008ad00000, 0x000000008ad00000| Complete 
| 124|0x000000008ae00000, 0x000000008af00000, 0x000000008af00000|100%| E|CS|TAMS 0x000000008ae00000, 0x000000008ae00000| Complete 
| 125|0x000000008af00000, 0x000000008b000000, 0x000000008b000000|100%| E|CS|TAMS 0x000000008af00000, 0x000000008af00000| Complete 

Card table byte_map: [0x0000020ae1c30000,0x0000020ae2020000] _byte_map_base: 0x0000020ae1817000

Marking Bits (Prev, Next): (CMBitMap*) 0x0000020ad6e6b5d0, (CMBitMap*) 0x0000020ad6e6b610
 Prev Bits: [0x0000020ae2410000, 0x0000020ae4348000)
 Next Bits: [0x0000020ae4350000, 0x0000020ae6288000)

Polling page: 0x0000020ad4de0000

Metaspace:

Usage:
  Non-class:      4.29 MB used.
      Class:    569.84 KB used.
       Both:      4.84 MB used.

Virtual space:
  Non-class space:       64.00 MB reserved,       4.38 MB (  7%) committed,  1 nodes.
      Class space:        1.00 GB reserved,     640.00 KB ( <1%) committed,  1 nodes.
             Both:        1.06 GB reserved,       5.00 MB ( <1%) committed. 

Chunk freelists:
   Non-Class:  3.48 MB
       Class:  3.20 MB
        Both:  6.69 MB

MaxMetaspaceSize: unlimited
CompressedClassSpaceSize: 1.00 GB
Initial GC threshold: 21.00 MB
Current GC threshold: 21.00 MB
CDS: on
MetaspaceReclaimPolicy: balanced
 - commit_granule_bytes: 65536.
 - commit_granule_words: 8192.
 - virtual_space_node_default_size: 8388608.
 - enlarge_chunks_in_place: 1.
 - new_chunks_are_fully_committed: 0.
 - uncommit_free_chunks: 1.
 - use_allocation_guard: 0.


Internal statistics:

num_allocs_failed_limit: 0.
num_arena_births: 108.
num_arena_deaths: 0.
num_vsnodes_births: 2.
num_vsnodes_deaths: 0.
num_space_committed: 80.
num_space_uncommitted: 0.
num_chunks_returned_to_freelist: 0.
num_chunks_taken_from_freelist: 144.
num_chunk_merges: 0.
num_chunk_splits: 97.
num_chunks_enlarged: 58.
num_inconsistent_stats: 0.

CodeCache: size=49152Kb used=2872Kb max_used=2872Kb free=46279Kb
 bounds [0x0000020ade730000, 0x0000020adea00000, 0x0000020ae1730000]
 total_blobs=1345 nmethods=909 adapters=363
 compilation: enabled
              stopped_count=0, restarted_count=0
 full_count=0

Compilation events (20 events):
Event: 0.698 Thread 0x0000020ae8d27860  900   !   1       java.util.jar.JarFile::checkForSpecialAttributes (163 bytes)
Event: 0.698 Thread 0x0000020aed061dd0  901   !   1       java.util.jar.JarFile::isMultiRelease (33 bytes)
Event: 0.698 Thread 0x0000020aed061dd0 nmethod 901 0x0000020ade9fa010 code [0x0000020ade9fa1a0, 0x0000020ade9fa308]
Event: 0.698 Thread 0x0000020aed061dd0  902       1       java.security.CodeSource::getLocation (5 bytes)
Event: 0.698 Thread 0x0000020aed061dd0 nmethod 902 0x0000020ade9fa390 code [0x0000020ade9fa520, 0x0000020ade9fa5f8]
Event: 0.698 Thread 0x0000020aed061dd0  903       1       java.util.jar.JarFile::getEntry (35 bytes)
Event: 0.698 Thread 0x0000020aed061dd0 nmethod 903 0x0000020ade9fa690 code [0x0000020ade9fa860, 0x0000020ade9faa98]
Event: 0.698 Thread 0x0000020aed061dd0  904   !   1       jdk.internal.loader.URLClassPath$JarLoader::getResource (65 bytes)
Event: 0.698 Thread 0x0000020ae8d27860 nmethod 900 0x0000020ade9fab90 code [0x0000020ade9fae00, 0x0000020ade9fb718]
Event: 0.698 Thread 0x0000020ae8d27860  905       1       java.util.jar.JarFile::getJarEntry (9 bytes)
Event: 0.699 Thread 0x0000020aed061dd0 nmethod 904 0x0000020ade9fbc10 code [0x0000020ade9fbe00, 0x0000020ade9fc248]
Event: 0.699 Thread 0x0000020ae8d27860 nmethod 905 0x0000020ade9fc410 code [0x0000020ade9fc5a0, 0x0000020ade9fc6c8]
Event: 0.703 Thread 0x0000020ae8d27860  906       1       java.util.zip.ZipFile$1::getMetaInfVersions (5 bytes)
Event: 0.703 Thread 0x0000020aed061dd0  907   !   1       java.util.zip.ZipFile::getMetaInfVersions (26 bytes)
Event: 0.703 Thread 0x0000020aed061dd0 nmethod 907 0x0000020ade9fc790 code [0x0000020ade9fc940, 0x0000020ade9fcb08]
Event: 0.703 Thread 0x0000020aed061dd0  908   !   1       java.util.zip.InflaterInputStream::read (122 bytes)
Event: 0.703 Thread 0x0000020ae8d27860 nmethod 906 0x0000020ade9fcc90 code [0x0000020ade9fce40, 0x0000020ade9fd028]
Event: 0.703 Thread 0x0000020ae8d27860  909       1       java.util.zip.InflaterInputStream::ensureOpen (18 bytes)
Event: 0.703 Thread 0x0000020ae8d27860 nmethod 909 0x0000020ade9fd190 code [0x0000020ade9fd320, 0x0000020ade9fd488]
Event: 0.704 Thread 0x0000020aed061dd0 nmethod 908 0x0000020ade9fd510 code [0x0000020ade9fd760, 0x0000020ade9fde58]

GC Heap History (0 events):
No events

Deoptimization events (0 events):
No events

Classes loaded (20 events):
Event: 0.693 Loading class java/net/URLConnection
Event: 0.694 Loading class java/net/URLConnection done
Event: 0.694 Loading class java/net/JarURLConnection done
Event: 0.694 Loading class sun/net/www/protocol/jar/JarURLConnection done
Event: 0.694 Loading class sun/net/www/protocol/jar/JarFileFactory
Event: 0.694 Loading class sun/net/www/protocol/jar/URLJarFile$URLJarFileCloseController
Event: 0.694 Loading class sun/net/www/protocol/jar/URLJarFile$URLJarFileCloseController done
Event: 0.694 Loading class sun/net/www/protocol/jar/JarFileFactory done
Event: 0.694 Loading class sun/net/www/protocol/file/FileURLConnection
Event: 0.694 Loading class sun/net/www/URLConnection
Event: 0.694 Loading class sun/net/www/URLConnection done
Event: 0.694 Loading class sun/net/www/protocol/file/FileURLConnection done
Event: 0.694 Loading class sun/net/www/MessageHeader
Event: 0.694 Loading class sun/net/www/MessageHeader done
Event: 0.694 Loading class sun/net/www/protocol/jar/URLJarFile
Event: 0.695 Loading class sun/net/www/protocol/jar/URLJarFile done
Event: 0.695 Loading class sun/net/www/protocol/jar/URLJarFile$URLJarFileEntry
Event: 0.695 Loading class sun/net/www/protocol/jar/URLJarFile$URLJarFileEntry done
Event: 0.695 Loading class sun/net/www/protocol/jar/JarURLConnection$JarURLInputStream
Event: 0.695 Loading class sun/net/www/protocol/jar/JarURLConnection$JarURLInputStream done

Classes unloaded (0 events):
No events

Classes redefined (0 events):
No events

Internal exceptions (14 events):
Event: 0.341 Thread 0x0000020ad6e0bcd0 Exception <a 'java/lang/NoSuchMethodError'{0x000000008aad33e8}: 'void java.lang.invoke.DirectMethodHandle$Holder.invokeStatic(java.lang.Object, java.lang.Object, java.lang.Object)'> (0x000000008aad33e8) 
thrown [s\open\src\hotspot\share\interpreter\linkResolver.cpp, line 759]
Event: 0.345 Thread 0x0000020ad6e0bcd0 Exception <a 'java/lang/NoSuchMethodError'{0x000000008aaec100}: 'java.lang.Object java.lang.invoke.Invokers$Holder.invokeExact_MT(java.lang.Object, java.lang.Object, java.lang.Object, java.lang.Object, java.lang.Object)'> (0x000000008aaec100) 
thrown [s\open\src\hotspot\share\interpreter\linkResolver.cpp, line 759]
Event: 0.365 Thread 0x0000020aed3e57f0 Exception <a 'java/lang/NoSuchMethodError'{0x000000008a905370}: 'void java.lang.invoke.DirectMethodHandle$Holder.invokeStatic(java.lang.Object, java.lang.Object)'> (0x000000008a905370) 
thrown [s\open\src\hotspot\share\interpreter\linkResolver.cpp, line 759]
Event: 0.385 Thread 0x0000020ad6e0bcd0 Exception <a 'java/lang/NoSuchMethodError'{0x000000008a9988c8}: 'java.lang.Object java.lang.invoke.DirectMethodHandle$Holder.invokeStaticInit(java.lang.Object)'> (0x000000008a9988c8) 
thrown [s\open\src\hotspot\share\interpreter\linkResolver.cpp, line 759]
Event: 0.404 Thread 0x0000020ad6e0bcd0 Exception <a 'java/lang/NoSuchMethodError'{0x000000008a9aeb58}: 'int java.lang.invoke.DirectMethodHandle$Holder.invokeInterface(java.lang.Object, java.lang.Object)'> (0x000000008a9aeb58) 
thrown [s\open\src\hotspot\share\interpreter\linkResolver.cpp, line 759]
Event: 0.405 Thread 0x0000020ad6e0bcd0 Exception <a 'java/lang/IncompatibleClassChangeError'{0x000000008a9b2150}: Found class java.lang.Object, but interface was expected> (0x000000008a9b2150) 
thrown [s\open\src\hotspot\share\interpreter\linkResolver.cpp, line 826]
Event: 0.454 Thread 0x0000020ad6e0bcd0 Exception <a 'java/lang/NoSuchMethodError'{0x000000008a881ab8}: 'int java.lang.invoke.DirectMethodHandle$Holder.invokeSpecial(java.lang.Object, java.lang.Object, java.lang.Object)'> (0x000000008a881ab8) 
thrown [s\open\src\hotspot\share\interpreter\linkResolver.cpp, line 759]
Event: 0.507 Thread 0x0000020ad6e0bcd0 Exception <a 'java/lang/NoSuchMethodError'{0x000000008a7b6b90}: 'int java.lang.invoke.DirectMethodHandle$Holder.invokeSpecialIFC(java.lang.Object, java.lang.Object, java.lang.Object)'> (0x000000008a7b6b90) 
thrown [s\open\src\hotspot\share\interpreter\linkResolver.cpp, line 759]
Event: 0.535 Thread 0x0000020ad6e0bcd0 Exception <a 'java/lang/NoSuchMethodError'{0x000000008a62e1f0}: 'java.lang.Object java.lang.invoke.DirectMethodHandle$Holder.invokeStaticInit(java.lang.Object, int, int, int, int)'> (0x000000008a62e1f0) 
thrown [s\open\src\hotspot\share\interpreter\linkResolver.cpp, line 759]
Event: 0.613 Thread 0x0000020ad6e0bcd0 Exception <a 'java/lang/NoSuchMethodError'{0x000000008a6b7ff8}: 'java.lang.Object java.lang.invoke.DirectMethodHandle$Holder.invokeStaticInit(java.lang.Object, java.lang.Object, int, int, int, int)'> (0x000000008a6b7ff8) 
thrown [s\open\src\hotspot\share\interpreter\linkResolver.cpp, line 759]
Event: 0.627 Thread 0x0000020ad6e0bcd0 Exception <a 'java/lang/ClassNotFoundException'{0x000000008a6d76a8}: javax/management/remote/rmi/RMIServerImpl_Skel> (0x000000008a6d76a8) 
thrown [s\open\src\hotspot\share\classfile\systemDictionary.cpp, line 255]
Event: 0.642 Thread 0x0000020ad6e0bcd0 Exception <a 'java/lang/NoSuchMethodError'{0x000000008a6f1980}: 'long java.lang.invoke.DirectMethodHandle$Holder.invokeSpecial(java.lang.Object, java.lang.Object)'> (0x000000008a6f1980) 
thrown [s\open\src\hotspot\share\interpreter\linkResolver.cpp, line 759]
Event: 0.643 Thread 0x0000020ad6e0bcd0 Exception <a 'java/lang/NoSuchMethodError'{0x000000008a6f52c0}: 'long java.lang.invoke.Invokers$Holder.invokeExact_MT(java.lang.Object, java.lang.Object)'> (0x000000008a6f52c0) 
thrown [s\open\src\hotspot\share\interpreter\linkResolver.cpp, line 759]
Event: 0.649 Thread 0x0000020ad6e0bcd0 Exception <a 'java/lang/NoSuchMethodError'{0x000000008a50e828}: 'void java.lang.invoke.DirectMethodHandle$Holder.invokeSpecial(java.lang.Object, java.lang.Object, java.lang.Object)'> (0x000000008a50e828) 
thrown [s\open\src\hotspot\share\interpreter\linkResolver.cpp, line 759]

VM Operations (12 events):
Event: 0.196 Executing VM operation: HandshakeAllThreads
Event: 0.196 Executing VM operation: HandshakeAllThreads done
Event: 0.354 Executing VM operation: HandshakeAllThreads
Event: 0.354 Executing VM operation: HandshakeAllThreads done
Event: 0.524 Executing VM operation: HandshakeAllThreads
Event: 0.524 Executing VM operation: HandshakeAllThreads done
Event: 0.653 Executing VM operation: HandshakeAllThreads
Event: 0.653 Executing VM operation: HandshakeAllThreads done
Event: 0.690 Executing VM operation: HandshakeAllThreads
Event: 0.690 Executing VM operation: HandshakeAllThreads done
Event: 0.695 Executing VM operation: HandshakeAllThreads
Event: 0.695 Executing VM operation: HandshakeAllThreads done

Events (20 events):
Event: 0.056 Thread 0x0000020ae8d24b30 Thread added: 0x0000020ae8d24b30
Event: 0.056 Thread 0x0000020ae8d253e0 Thread added: 0x0000020ae8d253e0
Event: 0.056 Thread 0x0000020ae8d25d80 Thread added: 0x0000020ae8d25d80
Event: 0.056 Thread 0x0000020ae8d26720 Thread added: 0x0000020ae8d26720
Event: 0.056 Thread 0x0000020ae8d27860 Thread added: 0x0000020ae8d27860
Event: 0.057 Thread 0x0000020ae8d28240 Thread added: 0x0000020ae8d28240
Event: 0.187 Thread 0x0000020ae8cef800 Thread added: 0x0000020ae8cef800
Event: 0.196 Thread 0x0000020aed061dd0 Thread added: 0x0000020aed061dd0
Event: 0.210 Loaded shared library C:\Program Files\Java\jdk-18.0.2.1\bin\zip.dll
Event: 0.214 Loaded shared library C:\Program Files\Java\jdk-18.0.2.1\bin\instrument.dll
Event: 0.221 Loaded shared library C:\Program Files\Java\jdk-18.0.2.1\bin\net.dll
Event: 0.223 Loaded shared library C:\Program Files\Java\jdk-18.0.2.1\bin\nio.dll
Event: 0.226 Loaded shared library C:\Program Files\Java\jdk-18.0.2.1\bin\zip.dll
Event: 0.351 Loaded shared library C:\Program Files\JetBrains\IntelliJ IDEA 2023.2.1\bin\breakgen64.dll
Event: 0.351 Thread 0x0000020aed3e57f0 Thread added: 0x0000020aed3e57f0
Event: 0.351 Thread 0x0000020aed3e5cb0 Thread added: 0x0000020aed3e5cb0
Event: 0.361 Loaded shared library C:\Program Files\Java\jdk-18.0.2.1\bin\jimage.dll
Event: 0.387 Loaded shared library C:\Program Files\Java\jdk-18.0.2.1\bin\management.dll
Event: 0.401 Loaded shared library C:\Program Files\Java\jdk-18.0.2.1\bin\management_ext.dll
Event: 0.637 Thread 0x0000020aed515c30 Thread added: 0x0000020aed515c30


Dynamic libraries:
0x00007ff70dae0000 - 0x00007ff70daf0000 	C:\Program Files\Java\jdk-18.0.2.1\bin\java.exe
0x00007ffd43450000 - 0x00007ffd43667000 	C:\WINDOWS\SYSTEM32\ntdll.dll
0x00007ffd41d50000 - 0x00007ffd41e14000 	C:\WINDOWS\System32\KERNEL32.DLL
0x00007ffd40c20000 - 0x00007ffd40fc6000 	C:\WINDOWS\System32\KERNELBASE.dll
0x00007ffd40870000 - 0x00007ffd40981000 	C:\WINDOWS\System32\ucrtbase.dll
0x00007ffd24130000 - 0x00007ffd24148000 	C:\Program Files\Java\jdk-18.0.2.1\bin\jli.dll
0x00007ffd421e0000 - 0x00007ffd42290000 	C:\WINDOWS\System32\ADVAPI32.dll
0x00007ffd43360000 - 0x00007ffd43407000 	C:\WINDOWS\System32\msvcrt.dll
0x00007ffd418f0000 - 0x00007ffd41996000 	C:\WINDOWS\System32\sechost.dll
0x00007ffd41e20000 - 0x00007ffd41f37000 	C:\WINDOWS\System32\RPCRT4.dll
0x00007ffd23230000 - 0x00007ffd2324a000 	C:\Program Files\Java\jdk-18.0.2.1\bin\VCRUNTIME140.dll
0x00007ffd42020000 - 0x00007ffd421cd000 	C:\WINDOWS\System32\USER32.dll
0x00007ffd40bf0000 - 0x00007ffd40c16000 	C:\WINDOWS\System32\win32u.dll
0x00007ffd413e0000 - 0x00007ffd41409000 	C:\WINDOWS\System32\GDI32.dll
0x00007ffd40990000 - 0x00007ffd40aa8000 	C:\WINDOWS\System32\gdi32full.dll
0x00007ffd407d0000 - 0x00007ffd4086a000 	C:\WINDOWS\System32\msvcp_win.dll
0x00007ffd25ee0000 - 0x00007ffd26173000 	C:\WINDOWS\WinSxS\amd64_microsoft.windows.common-controls_6595b64144ccf1df_6.0.22621.2361_none_2712ced57382f843\COMCTL32.dll
0x00007ffd359c0000 - 0x00007ffd359ca000 	C:\WINDOWS\SYSTEM32\VERSION.dll
0x00007ffd42ed0000 - 0x00007ffd42f01000 	C:\WINDOWS\System32\IMM32.DLL
0x00007ffd318c0000 - 0x00007ffd318cc000 	C:\Program Files\Java\jdk-18.0.2.1\bin\vcruntime140_1.dll
0x00007ffd08f40000 - 0x00007ffd08fcd000 	C:\Program Files\Java\jdk-18.0.2.1\bin\msvcp140.dll
0x00007ffce5ca0000 - 0x00007ffce68b1000 	C:\Program Files\Java\jdk-18.0.2.1\bin\server\jvm.dll
0x00007ffd41340000 - 0x00007ffd41348000 	C:\WINDOWS\System32\PSAPI.DLL
0x00007ffd378b0000 - 0x00007ffd378e4000 	C:\WINDOWS\SYSTEM32\WINMM.dll
0x00007ffd1a2c0000 - 0x00007ffd1a2c9000 	C:\WINDOWS\SYSTEM32\WSOCK32.dll
0x00007ffd412c0000 - 0x00007ffd41331000 	C:\WINDOWS\System32\ws2_32.DLL
0x00007ffd3f8d0000 - 0x00007ffd3f8e8000 	C:\WINDOWS\SYSTEM32\kernel.appcore.dll
0x00007ffd26dc0000 - 0x00007ffd26dca000 	C:\Program Files\Java\jdk-18.0.2.1\bin\jimage.dll
0x00007ffd3e010000 - 0x00007ffd3e23e000 	C:\WINDOWS\SYSTEM32\DBGHELP.DLL
0x00007ffd42f10000 - 0x00007ffd4329a000 	C:\WINDOWS\System32\combase.dll
0x00007ffd41f40000 - 0x00007ffd42017000 	C:\WINDOWS\System32\OLEAUT32.dll
0x00007ffd37870000 - 0x00007ffd378a2000 	C:\WINDOWS\SYSTEM32\dbgcore.DLL
0x00007ffd40b70000 - 0x00007ffd40bea000 	C:\WINDOWS\System32\bcryptPrimitives.dll
0x00007ffd26da0000 - 0x00007ffd26dae000 	C:\Program Files\Java\jdk-18.0.2.1\bin\instrument.dll
0x00007ffd08c60000 - 0x00007ffd08c85000 	C:\Program Files\Java\jdk-18.0.2.1\bin\java.dll
0x00007ffcf90d0000 - 0x00007ffcf91a6000 	C:\Program Files\Java\jdk-18.0.2.1\bin\jsvml.dll
0x00007ffd42610000 - 0x00007ffd42e68000 	C:\WINDOWS\System32\SHELL32.dll
0x00007ffd3e6f0000 - 0x00007ffd3efe2000 	C:\WINDOWS\SYSTEM32\windows.storage.dll
0x00007ffd3e5b0000 - 0x00007ffd3e6ee000 	C:\WINDOWS\SYSTEM32\wintypes.dll
0x00007ffd419a0000 - 0x00007ffd41a93000 	C:\WINDOWS\System32\SHCORE.dll
0x00007ffd41890000 - 0x00007ffd418ee000 	C:\WINDOWS\System32\shlwapi.dll
0x00007ffd40700000 - 0x00007ffd40726000 	C:\WINDOWS\SYSTEM32\profapi.dll
0x00007ffd10290000 - 0x00007ffd102a8000 	C:\Program Files\Java\jdk-18.0.2.1\bin\zip.dll
0x00007ffd1d3b0000 - 0x00007ffd1d3c3000 	C:\Program Files\Java\jdk-18.0.2.1\bin\net.dll
0x00007ffd375e0000 - 0x00007ffd37717000 	C:\WINDOWS\SYSTEM32\WINHTTP.dll
0x00007ffd3fd80000 - 0x00007ffd3fde9000 	C:\WINDOWS\system32\mswsock.dll
0x00007ffd18ca0000 - 0x00007ffd18cb6000 	C:\Program Files\Java\jdk-18.0.2.1\bin\nio.dll
0x00007ffd18cc0000 - 0x00007ffd18cda000 	C:\Program Files\JetBrains\IntelliJ IDEA 2023.2.1\bin\breakgen64.dll
0x00007ffd3f2e0000 - 0x00007ffd3f3d9000 	C:\WINDOWS\SYSTEM32\DNSAPI.dll
0x00007ffd3f2b0000 - 0x00007ffd3f2dd000 	C:\WINDOWS\SYSTEM32\IPHLPAPI.DLL
0x00007ffd421d0000 - 0x00007ffd421d9000 	C:\WINDOWS\System32\NSI.dll
0x0000000072760000 - 0x0000000072786000 	C:\Program Files\Bonjour\mdnsNSP.dll
0x00007ffd35d20000 - 0x00007ffd35d2a000 	C:\Windows\System32\rasadhlp.dll
0x00007ffd36330000 - 0x00007ffd363b4000 	C:\WINDOWS\System32\fwpuclnt.dll
0x00007ffd25b90000 - 0x00007ffd25b99000 	C:\Program Files\Java\jdk-18.0.2.1\bin\management.dll
0x00007ffd24520000 - 0x00007ffd2452b000 	C:\Program Files\Java\jdk-18.0.2.1\bin\management_ext.dll
0x00007ffd3ffd0000 - 0x00007ffd3ffeb000 	C:\WINDOWS\SYSTEM32\CRYPTSP.dll
0x00007ffd3f830000 - 0x00007ffd3f865000 	C:\WINDOWS\system32\rsaenh.dll
0x00007ffd3fe70000 - 0x00007ffd3fe9c000 	C:\WINDOWS\SYSTEM32\USERENV.dll
0x00007ffd40190000 - 0x00007ffd401b8000 	C:\WINDOWS\SYSTEM32\bcrypt.dll
0x00007ffd3fff0000 - 0x00007ffd3fffc000 	C:\WINDOWS\SYSTEM32\CRYPTBASE.dll
0x00007ffd37220000 - 0x00007ffd37239000 	C:\WINDOWS\SYSTEM32\dhcpcsvc6.DLL
0x00007ffd37060000 - 0x00007ffd3707f000 	C:\WINDOWS\SYSTEM32\dhcpcsvc.DLL
0x00007ffd0cf90000 - 0x00007ffd0cfa7000 	C:\WINDOWS\system32\napinsp.dll
0x00007ffd0cf40000 - 0x00007ffd0cf5b000 	C:\WINDOWS\system32\pnrpnsp.dll
0x00007ffd0ce20000 - 0x00007ffd0ce31000 	C:\WINDOWS\System32\winrnr.dll
0x00007ffd0ce00000 - 0x00007ffd0ce15000 	C:\WINDOWS\system32\wshbth.dll
0x00007ffd0cd90000 - 0x00007ffd0cdb1000 	C:\WINDOWS\system32\nlansp_c.dll

dbghelp: loaded successfully - version: 4.0.5 - missing functions: none
symbol engine: initialized successfully - sym options: 0x614 - pdb path: .;C:\Program Files\Java\jdk-18.0.2.1\bin;C:\WINDOWS\SYSTEM32;C:\WINDOWS\WinSxS\amd64_microsoft.windows.common-controls_6595b64144ccf1df_6.0.22621.2361_none_2712ced57382f843;C:\Program Files\Java\jdk-18.0.2.1\bin\server;C:\Program Files\JetBrains\IntelliJ IDEA 2023.2.1\bin;C:\Program Files\Bonjour

VM Arguments:
jvm_args: -XX:TieredStopAtLevel=1 -Dspring.output.ansi.enabled=always -Dcom.sun.management.jmxremote -Dspring.jmx.enabled=true -Dspring.liveBeansView.mbeanDomain -Dspring.application.admin.enabled=true -Dmanagement.endpoints.jmx.exposure.include=* -javaagent:C:\Program Files\JetBrains\IntelliJ IDEA 2023.2.1\lib\idea_rt.jar=51389:C:\Program Files\JetBrains\IntelliJ IDEA 2023.2.1\bin -Dfile.encoding=UTF-8 -Dsun.stdout.encoding=UTF-8 -Dsun.stderr.encoding=UTF-8 
java_command: com.springpractice.DSList.DsListApplication
java_class_path (initial): C:\Users\gabri\IdeaProjects\SpringPractice\DSList\target\classes;C:\Users\gabri\.m2\repository\org\springframework\boot\spring-boot-starter-data-jpa\3.1.5\spring-boot-starter-data-jpa-3.1.5.jar;C:\Users\gabri\.m2\repository\org\springframework\boot\spring-boot-starter-aop\3.1.5\spring-boot-starter-aop-3.1.5.jar;C:\Users\gabri\.m2\repository\org\springframework\spring-aop\6.0.13\spring-aop-6.0.13.jar;C:\Users\gabri\.m2\repository\org\aspectj\aspectjweaver\1.9.20\aspectjweaver-1.9.20.jar;C:\Users\gabri\.m2\repository\org\springframework\boot\spring-boot-starter-jdbc\3.1.5\spring-boot-starter-jdbc-3.1.5.jar;C:\Users\gabri\.m2\repository\com\zaxxer\HikariCP\5.0.1\HikariCP-5.0.1.jar;C:\Users\gabri\.m2\repository\org\springframework\spring-jdbc\6.0.13\spring-jdbc-6.0.13.jar;C:\Users\gabri\.m2\repository\org\hibernate\orm\hibernate-core\6.2.13.Final\hibernate-core-6.2.13.Final.jar;C:\Users\gabri\.m2\repository\jakarta\persistence\jakarta.persistence-api\3.1.0\jakarta.persistence-api-3.1.0.jar;C:\Users\gabri\.m2\repository\jakarta\transaction\jakarta.transaction-api\2.0.1\jakarta.transaction-api-2.0.1.jar;C:\Users\gabri\.m2\repository\org\jboss\logging\jboss-logging\3.5.3.Final\jboss-logging-3.5.3.Final.jar;C:\Users\gabri\.m2\repository\org\hibernate\common\hibernate-commons-annotations\6.0.6.Final\hibernate-commons-annotations-6.0.6.Final.jar;C:\Users\gabri\.m2\repository\io\smallrye\jandex\3.0.5\jandex-3.0.5.jar;C:\Users\gabri\.m2\repository\com\fasterxml\classmate\1.5.1\classmate-1.5.1.jar;C:\Users\gabri\.m2\repository\net\bytebuddy\byte-buddy\1.14.9\byte-buddy-1.14.9.jar;C:\Users\gabri\.m2\repository\org\glassfish\jaxb\jaxb-runtime\4.0.3\jaxb-runtime-4.0.3.jar;C:\Users\gabri\.m2\repository\org\glassfish\jaxb\jaxb-core\4.0.3\jaxb-core-4.0.3.jar;C:\Users\gabri\.m2\repository\org\eclipse\angus\angus-activation\2.0.1\angus-activation-2.0.1.jar;C:\Users\gabri\.m2\repository\org\glassfish\jaxb\txw2\4.0.3\txw2-4.0.3.jar;C:\Users\gabri\.m2\repository\com\sun\istack\istack-commons-runtime\4.1.2\istack-commons-runtime-4.1.2.jar;C:\Users\gabri\.m2\repository\jakarta\inject\jakarta.inject-api\2.0.1\jakarta.inject-api-2.0.1.jar;C:\Users\gabri\.m2\repository\org\antlr\antlr4-runtime\4.10.1\antlr4-runtime-4.10.1.jar;C:\Users\gabri\.m2\repository\org\springframework\data\spring-data-jpa\3.1.5\spring-data-jpa-3.1.5.jar;C:\Users\gabri\.m2\repository\org\springframework\data\spring-data-commons\3.1.5\spring-data-commons-3.1.5.jar;C:\Users\gabri\.m2\repository\org\springframework\spring-orm\6.0.13\spring-orm-6.0.13.jar;C:\Users\gabri\.m2\repository\org\springframework\spring-context\6.0.13\spring-context-6.0.13.jar;C:\Users\gabri\.m2\repository\org\springframework\spring-tx\6.0.13\spring-tx-6.0.13.jar;C:\Users\gabri\.m2\repository\org\springframework\spring-beans\6.0.13\spring-beans-6.0.13.jar;C:\Users\gabri\.m2\repository\jakarta\annotation\jakarta.annotation-api\2.1.1\jakarta.annotation-api-2.1.1.jar;C:\Users\gabri\.m2\repository\org\slf4j\slf4j-api\2.0.9\slf4j-api-2.0.9.jar;C:\Users\gabri\.m2\repository\org\springframework\spring-aspects\6.0.13\spring-aspects-6.0.13.jar;C:\Users\gabri\.m2\repository\org\springframework\boot\spring-boot-starter-web\3.1.5\spring-boot-starter-web-3.1.5.jar;C:\Users\gabri\.m2\repository\org\springframework\boot\spring-boot-starter\3.1.5\spring-boot-starter-3.1.5.jar;C:\Users\gabri\.m2\repository\org\springframework\boot\spring-boot\3.1.5\spring-boot-3.1.5.jar;C:\Users\gabri\.m2\repository\org\springframework\boot\spring-boot-autoconfigure\3.1.5\spring-boot-autoconfigure-3.1.5.jar;C:\Users\gabri\.m2\repository\org\springframework\boot\spring-boot-starter-logging\3.1.5\spring-boot-starter-logging-3.1.5.jar;C:\Users\gabri\.m2\repository\ch\qos\logback\logback-classic\1.4.11\logback-classic-1.4.11.jar;C:\Users\gabri\.m2\repository\ch\qos\logback\logback-core\1.4.11\logback-core-1.4.11.jar;C:\Users\gabri\.m2\repository\org\apache\logging\log4j\log4j-to-slf4j\2.20.0\log4j-to-slf4j-2.20.0.jar;C:\Users\gabri\.m2\repository\org\apache\logging\log4j\log4j-api\2.20.0\log4j-api-2.20.0.jar;C:\Users\gabri\.m2\repository\org\slf4j\jul-to-slf4j\2.0.9\jul-to-slf4j-2.0.9.jar;C:\Users\gabri\.m2\repository\org\yaml\snakeyaml\1.33\snakeyaml-1.33.jar;C:\Users\gabri\.m2\repository\org\springframework\boot\spring-boot-starter-json\3.1.5\spring-boot-starter-json-3.1.5.jar;C:\Users\gabri\.m2\repository\com\fasterxml\jackson\core\jackson-databind\2.15.3\jackson-databind-2.15.3.jar;C:\Users\gabri\.m2\repository\com\fasterxml\jackson\core\jackson-annotations\2.15.3\jackson-annotations-2.15.3.jar;C:\Users\gabri\.m2\repository\com\fasterxml\jackson\core\jackson-core\2.15.3\jackson-core-2.15.3.jar;C:\Users\gabri\.m2\repository\com\fasterxml\jackson\datatype\jackson-datatype-jdk8\2.15.3\jackson-datatype-jdk8-2.15.3.jar;C:\Users\gabri\.m2\repository\com\fasterxml\jackson\datatype\jackson-datatype-jsr310\2.15.3\jackson-datatype-jsr310-2.15.3.jar;C:\Users\gabri\.m2\repository\com\fasterxml\jackson\module\jackson-module-parameter-names\2.15.3\jackson-module-parameter-names-2.15.3.jar;C:\Users\gabri\.m2\repository\org\springframework\boot\spring-boot-starter-tomcat\3.1.5\spring-boot-starter-tomcat-3.1.5.jar;C:\Users\gabri\.m2\repository\org\apache\tomcat\embed\tomcat-embed-core\10.1.15\tomcat-embed-core-10.1.15.jar;C:\Users\gabri\.m2\repository\org\apache\tomcat\embed\tomcat-embed-el\10.1.15\tomcat-embed-el-10.1.15.jar;C:\Users\gabri\.m2\repository\org\apache\tomcat\embed\tomcat-embed-websocket\10.1.15\tomcat-embed-websocket-10.1.15.jar;C:\Users\gabri\.m2\repository\org\springframework\spring-web\6.0.13\spring-web-6.0.13.jar;C:\Users\gabri\.m2\repository\io\micrometer\micrometer-observation\1.11.5\micrometer-observation-1.11.5.jar;C:\Users\gabri\.m2\repository\io\micrometer\micrometer-commons\1.11.5\micrometer-commons-1.11.5.jar;C:\Users\gabri\.m2\repository\org\springframework\spring-webmvc\6.0.13\spring-webmvc-6.0.13.jar;C:\Users\gabri\.m2\repository\org\springframework\spring-expression\6.0.13\spring-expression-6.0.13.jar;C:\Users\gabri\.m2\repository\com\h2database\h2\2.1.214\h2-2.1.214.jar;C:\Users\gabri\.m2\repository\org\postgresql\postgresql\42.6.0\postgresql-42.6.0.jar;C:\Users\gabri\.m2\repository\org\checkerframework\checker-qual\3.31.0\checker-qual-3.31.0.jar;C:\Users\gabri\.m2\repository\jakarta\xml\bind\jakarta.xml.bind-api\4.0.1\jakarta.xml.bind-api-4.0.1.jar;C:\Users\gabri\.m2\repository\jakarta\activation\jakarta.activation-api\2.1.2\jakarta.activation-api-2.1.2.jar;C:\Users\gabri\.m2\repository\org\springframework\spring-core\6.0.13\spring-core-6.0.13.jar;C:\Users\gabri\.m2\repository\org\springframework\spring-jcl\6.0.13\spring-jcl-6.0.13.jar
Launcher Type: SUN_STANDARD

[Global flags]
     intx CICompilerCount                          = 4                                         {product} {ergonomic}
     uint ConcGCThreads                            = 2                                         {product} {ergonomic}
     uint G1ConcRefinementThreads                  = 8                                         {product} {ergonomic}
   size_t G1HeapRegionSize                         = 1048576                                   {product} {ergonomic}
    uintx GCDrainStackTargetSize                   = 64                                        {product} {ergonomic}
   size_t InitialHeapSize                          = 132120576                                 {product} {ergonomic}
     bool ManagementServer                         = true                                      {product} {command line}
   size_t MarkStackSize                            = 4194304                                   {product} {ergonomic}
   size_t MaxHeapSize                              = 2095054848                                {product} {ergonomic}
   size_t MaxNewSize                               = 1256194048                                {product} {ergonomic}
   size_t MinHeapDeltaBytes                        = 1048576                                   {product} {ergonomic}
   size_t MinHeapSize                              = 8388608                                   {product} {ergonomic}
    uintx NonProfiledCodeHeapSize                  = 0                                      {pd product} {ergonomic}
     bool ProfileInterpreter                       = false                                  {pd product} {command line}
    uintx ProfiledCodeHeapSize                     = 0                                      {pd product} {ergonomic}
   size_t SoftMaxHeapSize                          = 2095054848                             {manageable} {ergonomic}
     intx TieredStopAtLevel                        = 1                                         {product} {command line}
     bool UseCompressedClassPointers               = true                           {product lp64_product} {ergonomic}
     bool UseCompressedOops                        = true                           {product lp64_product} {ergonomic}
     bool UseG1GC                                  = true                                      {product} {ergonomic}
     bool UseLargePagesIndividualAllocation        = false                                  {pd product} {ergonomic}

Logging:
Log output configuration:
 #0: stdout all=warning uptime,level,tags foldmultilines=false
 #1: stderr all=off uptime,level,tags foldmultilines=false

Environment Variables:
JAVA_HOME=C:\Program Files\Java\jdk-17
PATH=C:\Program Files\Common Files\Oracle\Java\javapath;C:\Program Files (x86)\Common Files\Oracle\Java\javapath;C:\Users\gabri\AppData\Local\Programs\Python\Python310\Scripts\;C:\Users\gabri\AppData\Local\Programs\Python\Python310\;C:\Windows\system32;C:\Windows;C:\Windows\System32\Wbem;C:\Windows\System32\WindowsPowerShell\v1.0\;C:\Windows\System32\OpenSSH\;C:\Program Files (x86)\NVIDIA Corporation\PhysX\Common;C:\Program Files\NVIDIA Corporation\NVIDIA NvDLISR;C:\ProgramData\chocolatey\bin;C:\Program Files\nodejs\;C:\Program Files\dotnet\;C:\Program Files\Git\cmd;C:\WINDOWS\system32;C:\WINDOWS;C:\WINDOWS\System32\Wbem;C:\WINDOWS\System32\WindowsPowerShell\v1.0\;C:\WINDOWS\System32\OpenSSH\;C:\Program Files\Java\jdk-17\bin;C:\Program Files\MySQL\MySQL Shell 8.0\bin\;C:\Users\gabri\AppData\Local\Microsoft\WindowsApps;C:\Users\gabri\AppData\Local\Programs\Microsoft VS Code\bin;C:\MinGW\bin;C:\MinGW\msys\1.0\bin;C:\Users\gabri\AppData\Roaming\npm;C:\Users\gabri\AppData\Local\GitHubDesktop\bin;C:\Program Files\JetBrains\IntelliJ IDEA 2022.2.1\bin;;C:\Users\gabri\.dotnet\tools;C:\Program Files\sf\bin
USERNAME=gabri
OS=Windows_NT
PROCESSOR_IDENTIFIER=Intel64 Family 6 Model 165 Stepping 2, GenuineIntel



---------------  S Y S T E M  ---------------

OS:
 Windows 11 , 64 bit Build 22621 (10.0.22621.2428)
OS uptime: 2 days 8:20 hours
Hyper-V role detected

CPU: total 8 (initial active 8) (4 cores per cpu, 2 threads per core) family 6 model 165 stepping 2 microcode 0xf8, cx8, cmov, fxsr, ht, mmx, 3dnowpref, sse, sse2, sse3, ssse3, sse4.1, sse4.2, popcnt, lzcnt, tsc, tscinvbit, avx, avx2, aes, erms, clmul, bmi1, bmi2, adx, fma, vzeroupper, clflush, clflushopt, hv

Memory: 4k page, system-wide physical 7985M (425M free)
TotalPageFile size 20273M (AvailPageFile size 223M)
current process WorkingSet (physical memory assigned to process): 53M, peak: 53M
current process commit charge ("private bytes"): 212M, peak: 213M

vm_info: Java HotSpot(TM) 64-Bit Server VM (18.0.2.1+1-1) for windows-amd64 JRE (18.0.2.1+1-1), built on Aug 16 2022 01:46:33 by "mach5one" with MS VC++ 16.8 / 16.9 (VS2019)

END.
